{"/Users/camille/git/redux-combine-containers/esm/index.js": {"path":"/Users/camille/git/redux-combine-containers/esm/index.js","statementMap":{"0":{"start":{"line":32,"column":22},"end":{"line":39,"column":1}},"1":{"start":{"line":33,"column":4},"end":{"line":38,"column":6}},"2":{"start":{"line":35,"column":12},"end":{"line":35,"column":56}},"3":{"start":{"line":48,"column":34},"end":{"line":61,"column":1}},"4":{"start":{"line":49,"column":4},"end":{"line":60,"column":6}},"5":{"start":{"line":50,"column":8},"end":{"line":59,"column":10}},"6":{"start":{"line":53,"column":16},"end":{"line":55,"column":17}},"7":{"start":{"line":54,"column":20},"end":{"line":54,"column":53}},"8":{"start":{"line":56,"column":16},"end":{"line":56,"column":77}},"9":{"start":{"line":72,"column":39},"end":{"line":82,"column":1}},"10":{"start":{"line":73,"column":4},"end":{"line":81,"column":6}},"11":{"start":{"line":76,"column":12},"end":{"line":76,"column":60}},"12":{"start":{"line":77,"column":12},"end":{"line":77,"column":95}},"13":{"start":{"line":78,"column":12},"end":{"line":78,"column":25}},"14":{"start":{"line":83,"column":42},"end":{"line":93,"column":1}},"15":{"start":{"line":84,"column":4},"end":{"line":92,"column":6}},"16":{"start":{"line":87,"column":12},"end":{"line":87,"column":60}},"17":{"start":{"line":88,"column":12},"end":{"line":88,"column":92}},"18":{"start":{"line":89,"column":12},"end":{"line":89,"column":25}}},"fnMap":{"0":{"name":"(anonymous_0)","decl":{"start":{"line":32,"column":22},"end":{"line":32,"column":23}},"loc":{"start":{"line":32,"column":119},"end":{"line":39,"column":1}},"line":32},"1":{"name":"(anonymous_1)","decl":{"start":{"line":34,"column":8},"end":{"line":34,"column":9}},"loc":{"start":{"line":34,"column":35},"end":{"line":36,"column":9}},"line":34},"2":{"name":"(anonymous_2)","decl":{"start":{"line":48,"column":34},"end":{"line":48,"column":35}},"loc":{"start":{"line":48,"column":86},"end":{"line":61,"column":1}},"line":48},"3":{"name":"(anonymous_3)","decl":{"start":{"line":49,"column":11},"end":{"line":49,"column":12}},"loc":{"start":{"line":49,"column":53},"end":{"line":60,"column":5}},"line":49},"4":{"name":"(anonymous_4)","decl":{"start":{"line":52,"column":12},"end":{"line":52,"column":13}},"loc":{"start":{"line":52,"column":74},"end":{"line":57,"column":13}},"line":52},"5":{"name":"(anonymous_5)","decl":{"start":{"line":72,"column":39},"end":{"line":72,"column":40}},"loc":{"start":{"line":72,"column":115},"end":{"line":82,"column":1}},"line":72},"6":{"name":"(anonymous_6)","decl":{"start":{"line":75,"column":8},"end":{"line":75,"column":9}},"loc":{"start":{"line":75,"column":50},"end":{"line":79,"column":9}},"line":75},"7":{"name":"(anonymous_7)","decl":{"start":{"line":83,"column":42},"end":{"line":83,"column":43}},"loc":{"start":{"line":83,"column":143},"end":{"line":93,"column":1}},"line":83},"8":{"name":"(anonymous_8)","decl":{"start":{"line":86,"column":8},"end":{"line":86,"column":9}},"loc":{"start":{"line":86,"column":50},"end":{"line":90,"column":9}},"line":86}},"branchMap":{"0":{"loc":{"start":{"line":53,"column":16},"end":{"line":55,"column":17}},"type":"if","locations":[{"start":{"line":53,"column":16},"end":{"line":55,"column":17}},{"start":{"line":53,"column":16},"end":{"line":55,"column":17}}],"line":53},"1":{"loc":{"start":{"line":76,"column":27},"end":{"line":76,"column":59}},"type":"cond-expr","locations":[{"start":{"line":76,"column":42},"end":{"line":76,"column":54}},{"start":{"line":76,"column":57},"end":{"line":76,"column":59}}],"line":76},"2":{"loc":{"start":{"line":87,"column":27},"end":{"line":87,"column":59}},"type":"cond-expr","locations":[{"start":{"line":87,"column":42},"end":{"line":87,"column":54}},{"start":{"line":87,"column":57},"end":{"line":87,"column":59}}],"line":87}},"s":{"0":1,"1":3,"2":6,"3":1,"4":1,"5":1,"6":2,"7":0,"8":2,"9":1,"10":1,"11":2,"12":2,"13":2,"14":1,"15":1,"16":2,"17":2,"18":2},"f":{"0":3,"1":6,"2":1,"3":1,"4":2,"5":1,"6":2,"7":1,"8":2},"b":{"0":[0,2],"1":[0,2],"2":[0,2]},"_coverageSchema":"332fd63041d2c1bcb487cc26dd0d5f7d97098a6c","hash":"5c943a887a91091f1517d470a33e9a20c63ae068"}
}
