TN:
SF:/Users/camille/git/redux-combine-containers/esm/index.js
FN:32,(anonymous_0)
FN:34,(anonymous_1)
FN:48,(anonymous_2)
FN:49,(anonymous_3)
FN:52,(anonymous_4)
FN:72,(anonymous_5)
FN:75,(anonymous_6)
FN:83,(anonymous_7)
FN:86,(anonymous_8)
FNF:9
FNH:9
FNDA:3,(anonymous_0)
FNDA:6,(anonymous_1)
FNDA:1,(anonymous_2)
FNDA:1,(anonymous_3)
FNDA:2,(anonymous_4)
FNDA:1,(anonymous_5)
FNDA:2,(anonymous_6)
FNDA:1,(anonymous_7)
FNDA:2,(anonymous_8)
DA:32,1
DA:33,3
DA:35,6
DA:48,1
DA:49,1
DA:50,1
DA:53,2
DA:54,0
DA:56,2
DA:72,1
DA:73,1
DA:76,2
DA:77,2
DA:78,2
DA:83,1
DA:84,1
DA:87,2
DA:88,2
DA:89,2
LF:19
LH:18
BRDA:53,0,0,0
BRDA:53,0,1,2
BRDA:76,1,0,0
BRDA:76,1,1,2
BRDA:87,2,0,0
BRDA:87,2,1,2
BRF:6
BRH:3
end_of_record
